c:\users\administrator\desktop\git1\git1\git1\11\hanshunguang\x64\debug\vc120.pdb
c:\users\administrator\desktop\git1\git1\git1\11\hanshunguang\x64\debug\mythread.obj
c:\users\administrator\desktop\git1\git1\git1\11\hanshunguang\x64\debug\moc_mythread.obj
c:\users\administrator\desktop\git1\git1\git1\11\hanshunguang\x64\debug\moc_filereadwrite.obj
c:\users\administrator\desktop\git1\git1\git1\11\hanshunguang\x64\debug\moc_filefolderread.obj
c:\users\administrator\desktop\git1\git1\git1\11\hanshunguang\x64\debug\moc_biao.obj
c:\users\administrator\desktop\git1\git1\git1\11\hanshunguang\x64\debug\filereadwrite.obj
c:\users\administrator\desktop\git1\git1\git1\11\hanshunguang\x64\debug\filefolderread.obj
c:\users\administrator\desktop\git1\git1\git1\11\hanshunguang\x64\debug\biao.obj
c:\users\administrator\desktop\git1\git1\git1\11\hanshunguang\x64\debug\qrc_hanshunguangclient.obj
c:\users\administrator\desktop\git1\git1\git1\11\hanshunguang\generatedfiles\debug\moc_hanshunguangclient.cpp
c:\users\administrator\desktop\git1\git1\git1\11\hanshunguang\generatedfiles\ui_hanshunguangclient.h
c:\users\administrator\desktop\git1\git1\git1\11\hanshunguang\generatedfiles\debug\moc_mythread.cpp
c:\users\administrator\desktop\git1\git1\git1\11\hanshunguang\generatedfiles\debug\moc_biao.cpp
c:\users\administrator\desktop\git1\git1\git1\11\hanshunguang\generatedfiles\debug\moc_filereadwrite.cpp
c:\users\administrator\desktop\git1\git1\git1\11\hanshunguang\generatedfiles\debug\moc_filefolderread.cpp
c:\users\administrator\desktop\git1\git1\git1\11\hanshunguang\generatedfiles\qrc_hanshunguangclient.cpp
c:\users\administrator\desktop\git1\git1\git1\11\hanshunguang\generatedfiles\ui_biao.h
c:\users\administrator\desktop\git1\git1\git1\11\hanshunguang\generatedfiles\ui_filereadwrite.h
c:\users\administrator\desktop\git1\git1\git1\11\hanshunguang\generatedfiles\ui_filefolderread.h
c:\users\administrator\desktop\git1\git1\git1\11\hanshunguang\x64\debug\hanshung.b12702ad.tlog\cl.command.1.tlog
c:\users\administrator\desktop\git1\git1\git1\11\hanshunguang\x64\debug\hanshung.b12702ad.tlog\cl.read.1.tlog
c:\users\administrator\desktop\git1\git1\git1\11\hanshunguang\x64\debug\hanshung.b12702ad.tlog\cl.write.1.tlog
c:\users\administrator\desktop\git1\git1\git1\11\hanshunguang\x64\debug\hanshung.b12702ad.tlog\custombuild.command.1.tlog
c:\users\administrator\desktop\git1\git1\git1\11\hanshunguang\x64\debug\hanshung.b12702ad.tlog\custombuild.read.1.tlog
c:\users\administrator\desktop\git1\git1\git1\11\hanshunguang\x64\debug\hanshung.b12702ad.tlog\custombuild.write.1.tlog
