生成启动时间为 2018\4\22 星期日 20:01:55。
     1>项目“D:\网盘下载\QT总\hanshunguangclient\hanshunguang.vcxproj”在节点 2 上(Build 个目标)。
     1>C:\Program Files (x86)\MSBuild\Microsoft.Cpp\v4.0\V120\Microsoft.CppBuild.targets(381,5): warning MSB8028: The intermediate directory (x64\Debug\) contains files shared from another project (hanshunguang.vcxproj).  This can lead to incorrect clean and rebuild behavior.
     1>C:\Program Files (x86)\MSBuild\Microsoft.Cpp\v4.0\V120\Microsoft.CppBuild.targets(935,5): warning MSB8027: Two or more files with the name of moc_biao.cpp will produce outputs to the same location. This can lead to an incorrect build result.  The files involved are GeneratedFiles\Debug\moc_biao.cpp, GeneratedFiles\Release\moc_biao.cpp.
     1>C:\Program Files (x86)\MSBuild\Microsoft.Cpp\v4.0\V120\Microsoft.CppBuild.targets(935,5): warning MSB8027: Two or more files with the name of moc_filefolderread.cpp will produce outputs to the same location. This can lead to an incorrect build result.  The files involved are GeneratedFiles\Debug\moc_filefolderread.cpp, GeneratedFiles\Release\moc_filefolderread.cpp.
     1>C:\Program Files (x86)\MSBuild\Microsoft.Cpp\v4.0\V120\Microsoft.CppBuild.targets(935,5): warning MSB8027: Two or more files with the name of moc_filereadwrite.cpp will produce outputs to the same location. This can lead to an incorrect build result.  The files involved are GeneratedFiles\Debug\moc_filereadwrite.cpp, GeneratedFiles\Release\moc_filereadwrite.cpp.
     1>C:\Program Files (x86)\MSBuild\Microsoft.Cpp\v4.0\V120\Microsoft.CppBuild.targets(935,5): warning MSB8027: Two or more files with the name of moc_hanshunguangclient.cpp will produce outputs to the same location. This can lead to an incorrect build result.  The files involved are GeneratedFiles\Debug\moc_hanshunguangclient.cpp, GeneratedFiles\Release\moc_hanshunguangclient.cpp.
     1>C:\Program Files (x86)\MSBuild\Microsoft.Cpp\v4.0\V120\Microsoft.CppBuild.targets(935,5): warning MSB8027: Two or more files with the name of moc_mydelegateself.cpp will produce outputs to the same location. This can lead to an incorrect build result.  The files involved are GeneratedFiles\Debug\moc_mydelegateself.cpp, GeneratedFiles\Release\moc_mydelegateself.cpp.
     1>C:\Program Files (x86)\MSBuild\Microsoft.Cpp\v4.0\V120\Microsoft.CppBuild.targets(935,5): warning MSB8027: Two or more files with the name of moc_mythread.cpp will produce outputs to the same location. This can lead to an incorrect build result.  The files involved are GeneratedFiles\Debug\moc_mythread.cpp, GeneratedFiles\Release\moc_mythread.cpp.
     1>ClCompile:
         C:\Program Files (x86)\Microsoft Visual Studio 12.0\VC\bin\x86_amd64\CL.exe /c /I.\GeneratedFiles /I. /IC:\Qt\Qt5.7.0\5.7\msvc2013_64\include /I.\GeneratedFiles\Debug /IC:\Qt\Qt5.7.0\5.7\msvc2013_64\include\QtCore /IC:\Qt\Qt5.7.0\5.7\msvc2013_64\include\QtGui /IC:\Qt\Qt5.7.0\5.7\msvc2013_64\include\QtWidgets /IC:\Qt\Qt5.7.0\5.7\msvc2013_64\include\QtWinExtras /Zi /nologo /W1 /WX- /Od /D UNICODE /D WIN32 /D WIN64 /D QT_DLL /D QT_CORE_LIB /D QT_GUI_LIB /D QT_WIDGETS_LIB /D QT_WINEXTRAS_LIB /D _UNICODE /D UNICODE /Gm- /EHsc /MDd /GS /fp:precise /Zc:wchar_t /Zc:forScope /Fo"x64\Debug\\" /Fd"x64\Debug\vc120.pdb" /Gd /TP /errorReport:prompt mydelegateself.cpp
         mydelegateself.cpp
       Link:
         C:\Program Files (x86)\Microsoft Visual Studio 12.0\VC\bin\x86_amd64\link.exe /ERRORREPORT:PROMPT /OUT:"D:\网盘下载\QT总\hanshunguangclient\x64\Debug\\hanshunguangclient.exe" /NOLOGO /LIBPATH:C:\Qt\Qt5.7.0\5.7\msvc2013_64\lib qtmaind.lib Qt5Cored.lib Qt5Guid.lib Qt5Widgetsd.lib Qt5WinExtrasd.lib kernel32.lib user32.lib gdi32.lib winspool.lib comdlg32.lib advapi32.lib shell32.lib ole32.lib oleaut32.lib uuid.lib odbc32.lib odbccp32.lib /MANIFEST /MANIFESTUAC:"level='asInvoker' uiAccess='false'" /manifest:embed /DEBUG /PDB:"D:\网盘下载\QT总\hanshunguangclient\x64\Debug\hanshunguangclient.pdb" /SUBSYSTEM:WINDOWS /TLBID:1 /DYNAMICBASE /NXCOMPAT /IMPLIB:"D:\网盘下载\QT总\hanshunguangclient\x64\Debug\hanshunguangclient.lib" /MACHINE:X64 x64\Debug\biao.obj
         x64\Debug\filefolderread.obj
         x64\Debug\filereadwrite.obj
         x64\Debug\moc_biao.obj
         x64\Debug\moc_filefolderread.obj
         x64\Debug\moc_filereadwrite.obj
         x64\Debug\moc_hanshunguangclient.obj
         x64\Debug\moc_mydelegateself.obj
         x64\Debug\moc_mythread.obj
         x64\Debug\qrc_hanshunguangclient.obj
         x64\Debug\hanshunguangclient.obj
         x64\Debug\main.obj
         x64\Debug\mydelegateself.obj
         x64\Debug\mythread.obj
         hanshunguang.vcxproj -> D:\网盘下载\QT总\hanshunguangclient\x64\Debug\hanshunguangclient.exe
     1>已完成生成项目“D:\网盘下载\QT总\hanshunguangclient\hanshunguang.vcxproj”(Build 个目标)的操作。

生成成功。

已用时间 00:00:02.99
