c:\users\administrator\desktop\开发\2018-3-24\增加信号中转（实现信号与槽参数不一致时的链接）\4\hanshunguang\x64\debug\vc120.pdb
c:\users\administrator\desktop\开发\2018-3-24\增加信号中转（实现信号与槽参数不一致时的链接）\4\hanshunguang\x64\debug\mythread.obj
c:\users\administrator\desktop\开发\2018-3-24\增加信号中转（实现信号与槽参数不一致时的链接）\4\hanshunguang\x64\debug\hanshunguang.obj
c:\users\administrator\desktop\开发\2018-3-24\增加信号中转（实现信号与槽参数不一致时的链接）\4\hanshunguang\x64\debug\moc_mythread.obj
c:\users\administrator\desktop\开发\2018-3-24\增加信号中转（实现信号与槽参数不一致时的链接）\4\hanshunguang\x64\debug\moc_hanshunguang.obj
c:\users\administrator\desktop\开发\2018-3-24\增加信号中转（实现信号与槽参数不一致时的链接）\4\hanshunguang\x64\debug\moc_filereadwrite.obj
c:\users\administrator\desktop\开发\2018-3-24\增加信号中转（实现信号与槽参数不一致时的链接）\4\hanshunguang\x64\debug\moc_biao.obj
c:\users\administrator\desktop\开发\2018-3-24\增加信号中转（实现信号与槽参数不一致时的链接）\4\hanshunguang\x64\debug\filereadwrite.obj
c:\users\administrator\desktop\开发\2018-3-24\增加信号中转（实现信号与槽参数不一致时的链接）\4\hanshunguang\x64\debug\biao.obj
c:\users\administrator\desktop\开发\2018-3-24\增加信号中转（实现信号与槽参数不一致时的链接）\4\hanshunguang\x64\debug\qrc_hanshunguang.obj
c:\users\administrator\desktop\开发\2018-3-24\增加信号中转（实现信号与槽参数不一致时的链接）\4\hanshunguang\x64\debug\main.obj
c:\users\administrator\desktop\开发\2018-3-24\增加信号中转（实现信号与槽参数不一致时的链接）\4\hanshunguang\generatedfiles\debug\moc_hanshunguang.cpp
c:\users\administrator\desktop\开发\2018-3-24\增加信号中转（实现信号与槽参数不一致时的链接）\4\hanshunguang\generatedfiles\ui_hanshunguang.h
c:\users\administrator\desktop\开发\2018-3-24\增加信号中转（实现信号与槽参数不一致时的链接）\4\hanshunguang\generatedfiles\debug\moc_mythread.cpp
c:\users\administrator\desktop\开发\2018-3-24\增加信号中转（实现信号与槽参数不一致时的链接）\4\hanshunguang\generatedfiles\debug\moc_biao.cpp
c:\users\administrator\desktop\开发\2018-3-24\增加信号中转（实现信号与槽参数不一致时的链接）\4\hanshunguang\generatedfiles\qrc_hanshunguang.cpp
c:\users\administrator\desktop\开发\2018-3-24\增加信号中转（实现信号与槽参数不一致时的链接）\4\hanshunguang\generatedfiles\ui_biao.h
c:\users\administrator\desktop\开发\2018-3-24\增加信号中转（实现信号与槽参数不一致时的链接）\4\hanshunguang\generatedfiles\ui_filereadwrite.h
c:\users\administrator\desktop\开发\2018-3-24\增加信号中转（实现信号与槽参数不一致时的链接）\4\hanshunguang\generatedfiles\debug\moc_filereadwrite.cpp
c:\users\administrator\desktop\开发\2018-3-24\增加信号中转（实现信号与槽参数不一致时的链接）\4\hanshunguang\x64\debug\hanshunguang.ilk
c:\users\administrator\desktop\开发\2018-3-24\增加信号中转（实现信号与槽参数不一致时的链接）\4\hanshunguang\x64\debug\hanshunguang.exe
c:\users\administrator\desktop\开发\2018-3-24\增加信号中转（实现信号与槽参数不一致时的链接）\4\hanshunguang\x64\debug\hanshunguang.pdb
c:\users\administrator\documents\visual studio 2013\projects\2018-3-22\7\hanshunguang\x64\debug\biao.obj
c:\users\administrator\documents\visual studio 2013\projects\2018-3-22\7\hanshunguang\x64\debug\filereadwrite.obj
c:\users\administrator\documents\visual studio 2013\projects\2018-3-22\7\hanshunguang\x64\debug\hanshunguang.obj
c:\users\administrator\documents\visual studio 2013\projects\2018-3-22\7\hanshunguang\x64\debug\main.obj
c:\users\administrator\documents\visual studio 2013\projects\2018-3-22\7\hanshunguang\x64\debug\moc_biao.obj
c:\users\administrator\documents\visual studio 2013\projects\2018-3-22\7\hanshunguang\x64\debug\moc_filereadwrite.obj
c:\users\administrator\documents\visual studio 2013\projects\2018-3-22\7\hanshunguang\x64\debug\moc_hanshunguang.obj
c:\users\administrator\documents\visual studio 2013\projects\2018-3-22\7\hanshunguang\x64\debug\moc_mythread.obj
c:\users\administrator\documents\visual studio 2013\projects\2018-3-22\7\hanshunguang\x64\debug\mythread.obj
c:\users\administrator\documents\visual studio 2013\projects\2018-3-22\7\hanshunguang\x64\debug\qrc_hanshunguang.obj
c:\users\administrator\documents\visual studio 2013\projects\2018-3-22\7\hanshunguang\x64\debug\hanshunguang.ilk
c:\users\administrator\documents\visual studio 2013\projects\2018-3-22\7\hanshunguang\x64\debug\hanshunguang.pdb
c:\users\administrator\documents\visual studio 2013\projects\2018-3-22\7\hanshunguang\x64\debug\vc120.pdb
c:\users\administrator\documents\visual studio 2013\projects\2018-3-22\7\hanshunguang\x64\debug\hanshunguang.exe
c:\users\administrator\documents\visual studio 2013\projects\2018-3-22\7\hanshunguang\x64\debug\hanshunguang.tlog\cl.command.1.tlog
c:\users\administrator\documents\visual studio 2013\projects\2018-3-22\7\hanshunguang\x64\debug\hanshunguang.tlog\cl.read.1.tlog
c:\users\administrator\documents\visual studio 2013\projects\2018-3-22\7\hanshunguang\x64\debug\hanshunguang.tlog\cl.write.1.tlog
c:\users\administrator\documents\visual studio 2013\projects\2018-3-22\7\hanshunguang\x64\debug\hanshunguang.tlog\custombuild.command.1.tlog
c:\users\administrator\documents\visual studio 2013\projects\2018-3-22\7\hanshunguang\x64\debug\hanshunguang.tlog\custombuild.read.1.tlog
c:\users\administrator\documents\visual studio 2013\projects\2018-3-22\7\hanshunguang\x64\debug\hanshunguang.tlog\custombuild.write.1.tlog
c:\users\administrator\documents\visual studio 2013\projects\2018-3-22\7\hanshunguang\x64\debug\hanshunguang.tlog\link.command.1.tlog
c:\users\administrator\documents\visual studio 2013\projects\2018-3-22\7\hanshunguang\x64\debug\hanshunguang.tlog\link.read.1.tlog
c:\users\administrator\documents\visual studio 2013\projects\2018-3-22\7\hanshunguang\x64\debug\hanshunguang.tlog\link.write.1.tlog
