d:\网盘下载\qt总\hanshunguangclient\x64\debug\vc120.pdb
d:\网盘下载\qt总\hanshunguangclient\x64\debug\mythread.obj
d:\网盘下载\qt总\hanshunguangclient\x64\debug\mydelegateself.obj
d:\网盘下载\qt总\hanshunguangclient\x64\debug\main.obj
d:\网盘下载\qt总\hanshunguangclient\x64\debug\hanshunguangclient.obj
d:\网盘下载\qt总\hanshunguangclient\x64\debug\moc_mythread.obj
d:\网盘下载\qt总\hanshunguangclient\x64\debug\moc_mydelegateself.obj
d:\网盘下载\qt总\hanshunguangclient\x64\debug\moc_hanshunguangclient.obj
d:\网盘下载\qt总\hanshunguangclient\x64\debug\moc_filereadwrite.obj
d:\网盘下载\qt总\hanshunguangclient\x64\debug\moc_filefolderread.obj
d:\网盘下载\qt总\hanshunguangclient\x64\debug\moc_biao.obj
d:\网盘下载\qt总\hanshunguangclient\x64\debug\filereadwrite.obj
d:\网盘下载\qt总\hanshunguangclient\x64\debug\filefolderread.obj
d:\网盘下载\qt总\hanshunguangclient\x64\debug\biao.obj
d:\网盘下载\qt总\hanshunguangclient\x64\debug\qrc_hanshunguangclient.obj
d:\网盘下载\qt总\hanshunguangclient\generatedfiles\debug\moc_hanshunguangclient.cpp
d:\网盘下载\qt总\hanshunguangclient\generatedfiles\ui_hanshunguangclient.h
d:\网盘下载\qt总\hanshunguangclient\generatedfiles\debug\moc_mydelegateself.cpp
d:\网盘下载\qt总\hanshunguangclient\generatedfiles\debug\moc_mythread.cpp
d:\网盘下载\qt总\hanshunguangclient\generatedfiles\debug\moc_biao.cpp
d:\网盘下载\qt总\hanshunguangclient\generatedfiles\debug\moc_filereadwrite.cpp
d:\网盘下载\qt总\hanshunguangclient\generatedfiles\debug\moc_filefolderread.cpp
d:\网盘下载\qt总\hanshunguangclient\generatedfiles\qrc_hanshunguangclient.cpp
d:\网盘下载\qt总\hanshunguangclient\generatedfiles\ui_biao.h
d:\网盘下载\qt总\hanshunguangclient\generatedfiles\ui_filereadwrite.h
d:\网盘下载\qt总\hanshunguangclient\generatedfiles\ui_filefolderread.h
d:\网盘下载\qt总\hanshunguangclient\generatedfiles\ui_mydelegateself.h
d:\网盘下载\qt总\hanshunguangclient\x64\debug\hanshunguangclient.ilk
d:\网盘下载\qt总\hanshunguangclient\x64\debug\hanshunguangclient.exe
d:\网盘下载\qt总\hanshunguangclient\x64\debug\hanshunguangclient.pdb
c:\users\administrator\desktop\git1\git1\git1\15\hanshunguangclient\x64\debug\biao.obj
c:\users\administrator\desktop\git1\git1\git1\15\hanshunguangclient\x64\debug\filefolderread.obj
c:\users\administrator\desktop\git1\git1\git1\15\hanshunguangclient\x64\debug\filereadwrite.obj
c:\users\administrator\desktop\git1\git1\git1\15\hanshunguangclient\x64\debug\hanshunguangclient.obj
c:\users\administrator\desktop\git1\git1\git1\15\hanshunguangclient\x64\debug\main.obj
c:\users\administrator\desktop\git1\git1\git1\15\hanshunguangclient\x64\debug\moc_biao.obj
c:\users\administrator\desktop\git1\git1\git1\15\hanshunguangclient\x64\debug\moc_filefolderread.obj
c:\users\administrator\desktop\git1\git1\git1\15\hanshunguangclient\x64\debug\moc_filereadwrite.obj
c:\users\administrator\desktop\git1\git1\git1\15\hanshunguangclient\x64\debug\moc_hanshunguangclient.obj
c:\users\administrator\desktop\git1\git1\git1\15\hanshunguangclient\x64\debug\moc_mydelegateself.obj
c:\users\administrator\desktop\git1\git1\git1\15\hanshunguangclient\x64\debug\moc_mythread.obj
c:\users\administrator\desktop\git1\git1\git1\15\hanshunguangclient\x64\debug\mydelegateself.obj
c:\users\administrator\desktop\git1\git1\git1\15\hanshunguangclient\x64\debug\mythread.obj
c:\users\administrator\desktop\git1\git1\git1\15\hanshunguangclient\x64\debug\qrc_hanshunguangclient.obj
c:\users\administrator\desktop\git1\git1\git1\15\hanshunguangclient\x64\debug\hanshunguangclient.ilk
c:\users\administrator\desktop\git1\git1\git1\15\hanshunguangclient\x64\debug\hanshunguangclient.pdb
c:\users\administrator\desktop\git1\git1\git1\15\hanshunguangclient\x64\debug\vc120.pdb
c:\users\administrator\desktop\git1\git1\git1\15\hanshunguangclient\x64\debug\hanshunguangclient.exe
c:\users\administrator\desktop\git1\git1\git1\15\hanshunguangclient\x64\debug\hanshung.b12702ad.tlog\cl.command.1.tlog
c:\users\administrator\desktop\git1\git1\git1\15\hanshunguangclient\x64\debug\hanshung.b12702ad.tlog\cl.read.1.tlog
c:\users\administrator\desktop\git1\git1\git1\15\hanshunguangclient\x64\debug\hanshung.b12702ad.tlog\cl.write.1.tlog
c:\users\administrator\desktop\git1\git1\git1\15\hanshunguangclient\x64\debug\hanshung.b12702ad.tlog\custombuild.command.1.tlog
c:\users\administrator\desktop\git1\git1\git1\15\hanshunguangclient\x64\debug\hanshung.b12702ad.tlog\custombuild.read.1.tlog
c:\users\administrator\desktop\git1\git1\git1\15\hanshunguangclient\x64\debug\hanshung.b12702ad.tlog\custombuild.write.1.tlog
c:\users\administrator\desktop\git1\git1\git1\15\hanshunguangclient\x64\debug\hanshung.b12702ad.tlog\link.command.1.tlog
c:\users\administrator\desktop\git1\git1\git1\15\hanshunguangclient\x64\debug\hanshung.b12702ad.tlog\link.read.1.tlog
c:\users\administrator\desktop\git1\git1\git1\15\hanshunguangclient\x64\debug\hanshung.b12702ad.tlog\link.write.1.tlog
